[2025-07-15 00:53:40] [INFO] 日志系统初始化完成
[2025-07-15 00:53:40] [INFO] 应用程序启动中...
[2025-07-15 00:53:41] [INFO] 配置文件加载成功: E:\CODE\zibraa\release\appsettings.json
[2025-07-15 00:53:41] [INFO] 配置验证完成
[2025-07-15 00:53:41] [INFO] 成功从嵌入资源加载图标: Zebra.ico
[2025-07-15 00:53:41] [INFO] 系统托盘图标设置完成
[2025-07-15 00:53:41] [INFO] 找到 4 个打印机
[2025-07-15 00:53:41] [INFO] 打印机设置已更新: Microsoft Print to PDF
[2025-07-15 00:53:41] [INFO] 配置文件保存成功
[2025-07-15 00:53:41] [INFO] UI初始化完成
[2025-07-15 00:53:41] [INFO] 主窗体初始化完成
[2025-07-15 00:53:41] [INFO] 语言已切换到: zh-CN
[2025-07-15 00:53:41] [INFO] 找到 4 个打印机
[2025-07-15 00:53:48] [INFO] 配置文件保存成功
[2025-07-15 00:53:49] [INFO] 应用程序架构检测: 进程=64位, 操作系统=64位
[2025-07-15 00:53:49] [INFO] 64位应用程序无法使用32位Office驱动，跳过32位驱动测试
[2025-07-15 00:53:49] [INFO] 尝试使用 Microsoft.ACE.OLEDB.16.0 (64位) 连接数据库...
[2025-07-15 00:53:49] [INFO] 数据库连接成功，使用提供程序: Microsoft.ACE.OLEDB.16.0 (64位)
[2025-07-15 00:53:49] [INFO] 获取最后记录ID: 0000000000000197
[2025-07-15 00:53:49] [INFO] 打印次数统计已禁用，跳过TR_Print列检查
[2025-07-15 00:53:49] [INFO] 开始监控数据库，轮询间隔: 1000ms
[2025-07-15 00:53:54] [INFO] 应用程序架构检测: 进程=64位, 操作系统=64位
[2025-07-15 00:53:54] [INFO] 64位应用程序无法使用32位Office驱动，跳过32位驱动测试
[2025-07-15 00:53:54] [INFO] 尝试使用 Microsoft.ACE.OLEDB.16.0 (64位) 连接数据库...
[2025-07-15 00:53:54] [INFO] 数据库连接成功，使用提供程序: Microsoft.ACE.OLEDB.16.0 (64位)
[2025-07-15 00:53:54] [INFO] 获取最后记录ID: 0000000000000197
[2025-07-15 00:53:54] [INFO] 打印次数统计已禁用，跳过TR_Print列检查
[2025-07-15 00:53:54] [INFO] 已加载 50 条最近记录
[2025-07-15 00:53:55] [INFO] 打开打印预览窗口，序列号: 0000000000000001
[2025-07-15 00:53:55] [INFO] 打印预览窗口已显示
[2025-07-15 00:54:15] [INFO] 同步更新预览窗口自动打印状态: False
[2025-07-15 00:54:17] [INFO] 同步更新预览窗口自动打印状态: True
[2025-07-15 00:54:17] [INFO] 同步更新预览窗口自动打印状态: False
[2025-07-15 00:54:19] [INFO] 打印预览窗口已关闭
[2025-07-15 00:54:20] [INFO] 打开打印预览窗口，序列号: 0000000000000001
[2025-07-15 00:54:20] [INFO] 打印预览窗口已显示
[2025-07-15 00:54:42] [INFO] 打开打印预览窗口，序列号: 0000000000000001
[2025-07-15 00:54:46] [INFO] 打开打印预览窗口，序列号: 0000000000000001
[2025-07-15 00:54:49] [INFO] 同步更新预览窗口自动打印状态: True
[2025-07-15 00:54:51] [INFO] 找到 4 个打印机
[2025-07-15 00:54:51] [INFO] 找到 4 个打印机
[2025-07-15 00:54:51] [INFO] 开始打印记录: 0000000000000001, 格式: Text, 模板: 默认文本模板
[2025-07-15 00:54:53] [INFO] 文本打印任务已发送到: Microsoft Print to PDF
[2025-07-15 00:54:53] [INFO] 打印次数统计已禁用，跳过更新: 记录ID=0000000000000001
[2025-07-15 00:54:53] [INFO] 应用程序架构检测: 进程=64位, 操作系统=64位
[2025-07-15 00:54:53] [INFO] 64位应用程序无法使用32位Office驱动，跳过32位驱动测试
[2025-07-15 00:54:53] [INFO] 尝试使用 Microsoft.ACE.OLEDB.16.0 (64位) 连接数据库...
[2025-07-15 00:54:53] [INFO] 数据库连接成功，使用提供程序: Microsoft.ACE.OLEDB.16.0 (64位)
[2025-07-15 00:54:53] [INFO] 获取最后记录ID: 0000000000000197
[2025-07-15 00:54:53] [INFO] 打印次数统计已禁用，跳过TR_Print列检查
[2025-07-15 00:54:53] [INFO] 已加载 50 条最近记录
[2025-07-15 00:54:55] [INFO] 找到 4 个打印机
[2025-07-15 00:54:55] [INFO] 找到 4 个打印机
[2025-07-15 00:54:55] [INFO] 开始打印记录: 0000000000000001, 格式: Text, 模板: 默认文本模板
[2025-07-15 00:54:57] [INFO] 文本打印任务已发送到: Microsoft Print to PDF
[2025-07-15 00:54:57] [INFO] 打印次数统计已禁用，跳过更新: 记录ID=0000000000000001
[2025-07-15 00:54:57] [INFO] 应用程序架构检测: 进程=64位, 操作系统=64位
[2025-07-15 00:54:57] [INFO] 64位应用程序无法使用32位Office驱动，跳过32位驱动测试
[2025-07-15 00:54:57] [INFO] 尝试使用 Microsoft.ACE.OLEDB.16.0 (64位) 连接数据库...
[2025-07-15 00:54:57] [INFO] 数据库连接成功，使用提供程序: Microsoft.ACE.OLEDB.16.0 (64位)
[2025-07-15 00:54:57] [INFO] 获取最后记录ID: 0000000000000197
[2025-07-15 00:54:57] [INFO] 打印次数统计已禁用，跳过TR_Print列检查
[2025-07-15 00:54:57] [INFO] 已加载 50 条最近记录
[2025-07-15 00:55:01] [INFO] 打开打印预览窗口，序列号: 0000000000000001
[2025-07-15 00:55:04] [INFO] 打印预览窗口已关闭
[2025-07-15 00:55:17] [INFO] 打开打印预览窗口，序列号: 0000000000000001
[2025-07-15 00:55:17] [INFO] 打印预览窗口已显示
[2025-07-15 00:55:32] [INFO] 打印预览窗口已关闭
[2025-07-15 00:56:22] [INFO] 打开打印预览窗口，序列号: 0000000000000001
[2025-07-15 00:56:22] [INFO] 打印预览窗口已显示
[2025-07-15 00:56:52] [INFO] 打印预览窗口已关闭
[2025-07-15 00:58:57] [INFO] 打印预览窗口已关闭
[2025-07-15 00:59:14] [INFO] 数据库监控已停止
[2025-07-15 00:59:17] [INFO] 应用程序架构检测: 进程=64位, 操作系统=64位
[2025-07-15 00:59:17] [INFO] 64位应用程序无法使用32位Office驱动，跳过32位驱动测试
[2025-07-15 00:59:17] [INFO] 尝试使用 Microsoft.ACE.OLEDB.16.0 (64位) 连接数据库...
[2025-07-15 00:59:17] [INFO] 数据库连接成功，使用提供程序: Microsoft.ACE.OLEDB.16.0 (64位)
[2025-07-15 00:59:17] [INFO] 获取最后记录ID: 0000000000000197
[2025-07-15 00:59:17] [INFO] 打印次数统计已禁用，跳过TR_Print列检查
[2025-07-15 00:59:17] [INFO] 开始监控数据库，轮询间隔: 1000ms
[2025-07-15 00:59:21] [INFO] 数据库监控已停止
[2025-07-15 01:03:08] [INFO] 应用程序退出
[2025-07-15 01:03:08] [INFO] 应用程序关闭
