[2025-07-15 17:01:08] [INFO] 日志系统初始化完成
[2025-07-15 17:01:08] [INFO] 应用程序启动中...
[2025-07-15 17:01:09] [INFO] 配置文件加载成功: E:\CODE\zibraa\publish-single\appsettings.json
[2025-07-15 17:01:09] [INFO] 配置验证完成
[2025-07-15 17:01:09] [INFO] 配置文件加载成功: E:\CODE\zibraa\publish-single\appsettings.json
[2025-07-15 17:01:09] [INFO] 配置验证完成
[2025-07-15 17:01:09] [INFO] 服务初始化完成
[2025-07-15 17:01:09] [INFO] 已加载打印格式配置: Text
[2025-07-15 17:01:09] [INFO] 开始更新打印机列表...
[2025-07-15 17:01:09] [INFO] 找到 4 个打印机
[2025-07-15 17:01:09] [INFO] 获取到打印机列表，数量: 4
[2025-07-15 17:01:09] [INFO] 打印机列表: priPrinter, Microsoft Print to PDF, HP Color LaserJet Pro M479 PCL-6 (V4) (网络), Adobe PDF
[2025-07-15 17:01:09] [INFO] 下拉框已更新，项目数: 4
[2025-07-15 17:01:09] [INFO] 尝试选择配置中的打印机: Microsoft Print to PDF
[2025-07-15 17:01:09] [INFO] 打印机设置已更新: Microsoft Print to PDF
[2025-07-15 17:01:09] [INFO] 配置文件保存成功
[2025-07-15 17:01:09] [INFO] 成功选择打印机: Microsoft Print to PDF，索引: 1
[2025-07-15 17:01:09] [INFO] 打印机列表更新完成，共发现 4 台打印机
[2025-07-15 17:01:09] [INFO] 配置文件保存成功
[2025-07-15 17:01:09] [INFO] 语言已切换到: zh-CN
[2025-07-15 17:01:09] [INFO] 找到 4 个打印机
[2025-07-15 17:01:19] [INFO] 配置文件保存成功
[2025-07-15 17:01:20] [INFO] 应用程序架构检测: 进程=64位, 操作系统=64位
[2025-07-15 17:01:20] [INFO] 64位应用程序无法使用32位Office驱动，跳过32位驱动测试
[2025-07-15 17:01:20] [INFO] 尝试使用 Microsoft.ACE.OLEDB.16.0 (64位) 连接数据库...
[2025-07-15 17:01:21] [INFO] 数据库连接成功，使用提供程序: Microsoft.ACE.OLEDB.16.0 (64位)
[2025-07-15 17:01:21] [INFO] 获取最后记录ID: 0000000000000197
[2025-07-15 17:01:21] [INFO] 打印次数统计已禁用，跳过TR_Print列检查
[2025-07-15 17:01:21] [INFO] 已加载 50 条最近记录
