[2025-07-16 19:27:43] [INFO] 日志系统初始化完成
[2025-07-16 19:27:43] [INFO] 应用程序启动中...
[2025-07-16 19:27:43] [INFO] 配置文件加载成功: E:\CODE\zibraa\release-x86-v1.1.22\appsettings.json
[2025-07-16 19:27:43] [INFO] 配置验证完成
[2025-07-16 19:27:43] [INFO] 加载了 3 个打印模板
[2025-07-16 19:27:43] [INFO] 成功从嵌入资源加载图标: Zebra.ico
[2025-07-16 19:27:44] [INFO] 系统托盘图标设置完成
[2025-07-16 19:27:44] [INFO] 找到 4 个打印机
[2025-07-16 19:27:44] [INFO] 打印机设置已更新: Microsoft Print to PDF
[2025-07-16 19:27:44] [INFO] 配置文件保存成功
[2025-07-16 19:27:44] [INFO] UI初始化完成
[2025-07-16 19:27:44] [INFO] 主窗体初始化完成
[2025-07-16 19:27:44] [INFO] 语言已切换到: zh-CN
[2025-07-16 19:27:44] [INFO] 找到 4 个打印机
[2025-07-16 19:27:48] [INFO] 配置文件保存成功
[2025-07-16 19:27:49] [INFO] 应用程序架构检测: 进程=32位, 操作系统=64位
[2025-07-16 19:27:49] [INFO] 尝试使用 Microsoft.ACE.OLEDB.16.0 (32位) 连接数据库...
[2025-07-16 19:27:49] [WARN] 使用 Microsoft.ACE.OLEDB.16.0 (32位) 连接失败: The 'Microsoft.ACE.OLEDB.16.0' provider is not registered on the local machine.
[2025-07-16 19:27:49] [INFO] 尝试使用 Microsoft.ACE.OLEDB.12.0 (32位) 连接数据库...
[2025-07-16 19:27:49] [WARN] 使用 Microsoft.ACE.OLEDB.12.0 (32位) 连接失败: The 'Microsoft.ACE.OLEDB.12.0' provider is not registered on the local machine.
[2025-07-16 19:27:49] [INFO] 尝试使用 Microsoft.Jet.OLEDB.4.0 (32位) 连接数据库...
[2025-07-16 19:27:49] [INFO] 数据库连接成功，使用提供程序: Microsoft.Jet.OLEDB.4.0 (32位)
[2025-07-16 19:27:49] [INFO] 获取最后记录ID: 1111111111111111111
[2025-07-16 19:27:49] [INFO] 打印次数统计已禁用，跳过TR_Print列检查
[2025-07-16 19:27:49] [INFO] 开始监控数据库，轮询间隔: 1000ms
[2025-07-16 19:28:33] [INFO] 发现新记录: 2222
[2025-07-16 19:28:33] [INFO] 找到 4 个打印机
[2025-07-16 19:28:33] [INFO] 找到 4 个打印机
[2025-07-16 19:28:33] [INFO] 开始打印记录: 2222, 格式: Text, 模板: 默认文本模板
[2025-07-16 19:28:37] [INFO] 文本打印任务已发送到: Microsoft Print to PDF
[2025-07-16 19:28:37] [INFO] 打印次数统计已禁用，跳过更新: 记录ID=2222
[2025-07-16 19:28:37] [INFO] 自动打印完成: 2222
[2025-07-16 19:28:52] [INFO] 数据库监控已停止
[2025-07-16 19:28:52] [INFO] 应用程序退出
[2025-07-16 19:28:52] [INFO] 应用程序关闭
[2025-07-16 20:49:23] [INFO] 日志系统初始化完成
[2025-07-16 20:49:23] [INFO] 应用程序启动中...
[2025-07-16 20:49:23] [INFO] 配置文件加载成功: E:\CODE\zibraa\release-x86-v1.1.22\appsettings.json
[2025-07-16 20:49:23] [INFO] 配置验证完成
[2025-07-16 20:49:23] [INFO] 加载了 3 个打印模板
[2025-07-16 20:49:23] [INFO] 成功从嵌入资源加载图标: Zebra.ico
[2025-07-16 20:49:23] [INFO] 系统托盘图标设置完成
[2025-07-16 20:49:23] [INFO] 找到 4 个打印机
[2025-07-16 20:49:23] [INFO] 打印机设置已更新: Microsoft Print to PDF
[2025-07-16 20:49:23] [INFO] 配置文件保存成功
[2025-07-16 20:49:23] [INFO] UI初始化完成
[2025-07-16 20:49:23] [INFO] 主窗体初始化完成
[2025-07-16 20:49:24] [INFO] 应用程序架构检测: 进程=32位, 操作系统=64位
[2025-07-16 20:49:24] [INFO] 尝试使用 Microsoft.ACE.OLEDB.16.0 (32位) 连接数据库...
[2025-07-16 20:49:24] [WARN] 使用 Microsoft.ACE.OLEDB.16.0 (32位) 连接失败: The 'Microsoft.ACE.OLEDB.16.0' provider is not registered on the local machine.
[2025-07-16 20:49:24] [INFO] 尝试使用 Microsoft.ACE.OLEDB.12.0 (32位) 连接数据库...
[2025-07-16 20:49:24] [WARN] 使用 Microsoft.ACE.OLEDB.12.0 (32位) 连接失败: The 'Microsoft.ACE.OLEDB.12.0' provider is not registered on the local machine.
[2025-07-16 20:49:24] [INFO] 尝试使用 Microsoft.Jet.OLEDB.4.0 (32位) 连接数据库...
[2025-07-16 20:49:24] [INFO] 数据库连接成功，使用提供程序: Microsoft.Jet.OLEDB.4.0 (32位)
[2025-07-16 20:49:24] [INFO] 获取最后记录ID: 0000000000000197
[2025-07-16 20:49:24] [INFO] 打印次数统计已禁用，跳过TR_Print列检查
[2025-07-16 20:49:24] [INFO] 已加载 50 条最近记录
[2025-07-16 20:49:24] [INFO] 语言已切换到: zh-CN
[2025-07-16 20:49:24] [INFO] 找到 4 个打印机
[2025-07-16 20:49:30] [INFO] 配置文件保存成功
[2025-07-16 20:49:31] [INFO] 应用程序架构检测: 进程=32位, 操作系统=64位
[2025-07-16 20:49:31] [INFO] 尝试使用 Microsoft.ACE.OLEDB.16.0 (32位) 连接数据库...
[2025-07-16 20:49:31] [WARN] 使用 Microsoft.ACE.OLEDB.16.0 (32位) 连接失败: The 'Microsoft.ACE.OLEDB.16.0' provider is not registered on the local machine.
[2025-07-16 20:49:31] [INFO] 尝试使用 Microsoft.ACE.OLEDB.12.0 (32位) 连接数据库...
[2025-07-16 20:49:31] [WARN] 使用 Microsoft.ACE.OLEDB.12.0 (32位) 连接失败: The 'Microsoft.ACE.OLEDB.12.0' provider is not registered on the local machine.
[2025-07-16 20:49:31] [INFO] 尝试使用 Microsoft.Jet.OLEDB.4.0 (32位) 连接数据库...
[2025-07-16 20:49:31] [INFO] 数据库连接成功，使用提供程序: Microsoft.Jet.OLEDB.4.0 (32位)
[2025-07-16 20:49:31] [INFO] 获取最后记录ID: 11111
[2025-07-16 20:49:31] [INFO] 打印次数统计已禁用，跳过TR_Print列检查
[2025-07-16 20:49:31] [INFO] 开始监控数据库，轮询间隔: 1000ms
[2025-07-16 20:49:34] [INFO] 应用程序架构检测: 进程=32位, 操作系统=64位
[2025-07-16 20:49:34] [INFO] 尝试使用 Microsoft.ACE.OLEDB.16.0 (32位) 连接数据库...
[2025-07-16 20:49:34] [WARN] 使用 Microsoft.ACE.OLEDB.16.0 (32位) 连接失败: The 'Microsoft.ACE.OLEDB.16.0' provider is not registered on the local machine.
[2025-07-16 20:49:34] [INFO] 尝试使用 Microsoft.ACE.OLEDB.12.0 (32位) 连接数据库...
[2025-07-16 20:49:34] [WARN] 使用 Microsoft.ACE.OLEDB.12.0 (32位) 连接失败: The 'Microsoft.ACE.OLEDB.12.0' provider is not registered on the local machine.
[2025-07-16 20:49:34] [INFO] 尝试使用 Microsoft.Jet.OLEDB.4.0 (32位) 连接数据库...
[2025-07-16 20:49:34] [INFO] 数据库连接成功，使用提供程序: Microsoft.Jet.OLEDB.4.0 (32位)
[2025-07-16 20:49:34] [INFO] 获取最后记录ID: 11111
[2025-07-16 20:49:34] [INFO] 打印次数统计已禁用，跳过TR_Print列检查
[2025-07-16 20:49:35] [INFO] 已加载 7 条最近记录
[2025-07-16 20:49:47] [INFO] 发现新记录: 222
[2025-07-16 20:49:47] [INFO] 找到 4 个打印机
[2025-07-16 20:49:47] [INFO] 找到 4 个打印机
[2025-07-16 20:49:47] [INFO] 开始打印记录: 222, 格式: Text, 模板: 默认文本模板
[2025-07-16 20:49:49] [INFO] 文本打印任务已发送到: Microsoft Print to PDF
[2025-07-16 20:49:49] [INFO] 打印次数统计已禁用，跳过更新: 记录ID=222
[2025-07-16 20:49:49] [INFO] 自动打印完成: 222
[2025-07-16 20:50:11] [INFO] 应用程序架构检测: 进程=32位, 操作系统=64位
[2025-07-16 20:50:11] [INFO] 尝试使用 Microsoft.ACE.OLEDB.16.0 (32位) 连接数据库...
[2025-07-16 20:50:11] [WARN] 使用 Microsoft.ACE.OLEDB.16.0 (32位) 连接失败: The 'Microsoft.ACE.OLEDB.16.0' provider is not registered on the local machine.
[2025-07-16 20:50:11] [INFO] 尝试使用 Microsoft.ACE.OLEDB.12.0 (32位) 连接数据库...
[2025-07-16 20:50:11] [WARN] 使用 Microsoft.ACE.OLEDB.12.0 (32位) 连接失败: The 'Microsoft.ACE.OLEDB.12.0' provider is not registered on the local machine.
[2025-07-16 20:50:11] [INFO] 尝试使用 Microsoft.Jet.OLEDB.4.0 (32位) 连接数据库...
[2025-07-16 20:50:11] [INFO] 数据库连接成功，使用提供程序: Microsoft.Jet.OLEDB.4.0 (32位)
[2025-07-16 20:50:11] [INFO] 获取最后记录ID: 222
[2025-07-16 20:50:11] [INFO] 打印次数统计已禁用，跳过TR_Print列检查
[2025-07-16 20:50:11] [INFO] 已加载 8 条最近记录
[2025-07-16 20:50:12] [INFO] 应用程序架构检测: 进程=32位, 操作系统=64位
[2025-07-16 20:50:12] [INFO] 尝试使用 Microsoft.ACE.OLEDB.16.0 (32位) 连接数据库...
[2025-07-16 20:50:12] [WARN] 使用 Microsoft.ACE.OLEDB.16.0 (32位) 连接失败: The 'Microsoft.ACE.OLEDB.16.0' provider is not registered on the local machine.
[2025-07-16 20:50:12] [INFO] 尝试使用 Microsoft.ACE.OLEDB.12.0 (32位) 连接数据库...
[2025-07-16 20:50:12] [WARN] 使用 Microsoft.ACE.OLEDB.12.0 (32位) 连接失败: The 'Microsoft.ACE.OLEDB.12.0' provider is not registered on the local machine.
[2025-07-16 20:50:12] [INFO] 尝试使用 Microsoft.Jet.OLEDB.4.0 (32位) 连接数据库...
[2025-07-16 20:50:12] [INFO] 数据库连接成功，使用提供程序: Microsoft.Jet.OLEDB.4.0 (32位)
[2025-07-16 20:50:12] [INFO] 获取最后记录ID: 222
[2025-07-16 20:50:12] [INFO] 打印次数统计已禁用，跳过TR_Print列检查
[2025-07-16 20:50:12] [INFO] 已加载 8 条最近记录
[2025-07-16 20:50:42] [INFO] 数据库监控已停止
[2025-07-16 20:50:42] [INFO] 应用程序退出
[2025-07-16 20:50:42] [INFO] 应用程序关闭
[2025-07-16 20:51:34] [INFO] 日志系统初始化完成
[2025-07-16 20:51:34] [INFO] 应用程序启动中...
[2025-07-16 20:51:35] [INFO] 配置文件加载成功: E:\CODE\zibraa\release-x86-v1.1.22\appsettings.json
[2025-07-16 20:51:35] [INFO] 配置验证完成
[2025-07-16 20:51:35] [INFO] 加载了 3 个打印模板
[2025-07-16 20:51:35] [INFO] 成功从嵌入资源加载图标: Zebra.ico
[2025-07-16 20:51:35] [INFO] 系统托盘图标设置完成
[2025-07-16 20:51:35] [INFO] 找到 4 个打印机
[2025-07-16 20:51:35] [INFO] 打印机设置已更新: Microsoft Print to PDF
[2025-07-16 20:51:35] [INFO] 配置文件保存成功
[2025-07-16 20:51:35] [INFO] UI初始化完成
[2025-07-16 20:51:35] [INFO] 主窗体初始化完成
[2025-07-16 20:51:35] [INFO] 应用程序架构检测: 进程=32位, 操作系统=64位
[2025-07-16 20:51:35] [INFO] 尝试使用 Microsoft.ACE.OLEDB.16.0 (32位) 连接数据库...
[2025-07-16 20:51:35] [WARN] 使用 Microsoft.ACE.OLEDB.16.0 (32位) 连接失败: The 'Microsoft.ACE.OLEDB.16.0' provider is not registered on the local machine.
[2025-07-16 20:51:35] [INFO] 尝试使用 Microsoft.ACE.OLEDB.12.0 (32位) 连接数据库...
[2025-07-16 20:51:35] [WARN] 使用 Microsoft.ACE.OLEDB.12.0 (32位) 连接失败: The 'Microsoft.ACE.OLEDB.12.0' provider is not registered on the local machine.
[2025-07-16 20:51:35] [INFO] 尝试使用 Microsoft.Jet.OLEDB.4.0 (32位) 连接数据库...
[2025-07-16 20:51:35] [INFO] 数据库连接成功，使用提供程序: Microsoft.Jet.OLEDB.4.0 (32位)
[2025-07-16 20:51:35] [INFO] 获取最后记录ID: 222
[2025-07-16 20:51:35] [INFO] 打印次数统计已禁用，跳过TR_Print列检查
[2025-07-16 20:51:35] [INFO] 已加载 8 条最近记录
[2025-07-16 20:51:35] [INFO] 语言已切换到: zh-CN
[2025-07-16 20:51:35] [INFO] 找到 4 个打印机
[2025-07-16 20:51:38] [INFO] 应用程序架构检测: 进程=32位, 操作系统=64位
[2025-07-16 20:51:38] [INFO] 尝试使用 Microsoft.ACE.OLEDB.16.0 (32位) 连接数据库...
[2025-07-16 20:51:38] [WARN] 使用 Microsoft.ACE.OLEDB.16.0 (32位) 连接失败: The 'Microsoft.ACE.OLEDB.16.0' provider is not registered on the local machine.
[2025-07-16 20:51:38] [INFO] 尝试使用 Microsoft.ACE.OLEDB.12.0 (32位) 连接数据库...
[2025-07-16 20:51:38] [WARN] 使用 Microsoft.ACE.OLEDB.12.0 (32位) 连接失败: The 'Microsoft.ACE.OLEDB.12.0' provider is not registered on the local machine.
[2025-07-16 20:51:38] [INFO] 尝试使用 Microsoft.Jet.OLEDB.4.0 (32位) 连接数据库...
[2025-07-16 20:51:38] [INFO] 数据库连接成功，使用提供程序: Microsoft.Jet.OLEDB.4.0 (32位)
[2025-07-16 20:51:38] [INFO] 获取最后记录ID: 222
[2025-07-16 20:51:38] [INFO] 打印次数统计已禁用，跳过TR_Print列检查
[2025-07-16 20:51:38] [INFO] 开始监控数据库，轮询间隔: 1000ms
[2025-07-16 20:51:44] [INFO] 发现新记录: 333
[2025-07-16 20:51:44] [INFO] 找到 4 个打印机
[2025-07-16 20:51:44] [INFO] 找到 4 个打印机
[2025-07-16 20:51:44] [INFO] 开始打印记录: 333, 格式: Text, 模板: 默认文本模板
[2025-07-16 20:51:46] [INFO] 文本打印任务已发送到: Microsoft Print to PDF
[2025-07-16 20:51:46] [INFO] 打印次数统计已禁用，跳过更新: 记录ID=333
[2025-07-16 20:51:46] [INFO] 自动打印完成: 333
[2025-07-16 21:00:00] [INFO] 数据库监控已停止
[2025-07-16 21:00:00] [INFO] 应用程序退出
[2025-07-16 21:00:00] [INFO] 应用程序关闭
